2026-03-24 23:40:08 | INFO     | __main__ | =======================================================
2026-03-24 23:40:08 | INFO     | __main__ |   Traffic Analytics Producer — Starting
2026-03-24 23:40:08 | INFO     | __main__ |   Monitoring 14 locations
2026-03-24 23:40:08 | INFO     | __main__ |   Poll interval: 60 seconds
2026-03-24 23:40:08 | INFO     | __main__ | =======================================================
2026-03-24 23:40:08 | INFO     | db_client | Connected to PostgreSQL successfully.
2026-03-24 23:40:08 | INFO     | kafka.conn | <BrokerConnection node_id=bootstrap-0 host=localhost:9092 <connecting> [IPv6 ('::1', 9092, 0, 0)]>: connecting to localhost:9092 [('::1', 9092, 0, 0) IPv6]
2026-03-24 23:40:08 | INFO     | kafka.conn | Probing node bootstrap-0 broker version
2026-03-24 23:40:08 | INFO     | kafka.conn | <BrokerConnection node_id=bootstrap-0 host=localhost:9092 <connecting> [IPv6 ('::1', 9092, 0, 0)]>: Connection complete.
2026-03-24 23:40:08 | INFO     | kafka.conn | Broker version identified as 2.5.0
2026-03-24 23:40:08 | INFO     | kafka.conn | Set configuration api_version=(2, 5, 0) to skip auto check_version requests on startup
2026-03-24 23:40:08 | INFO     | kafka_client | Connected to Kafka at localhost:9092
2026-03-24 23:40:08 | INFO     | kafka_client | Messages will go to topic: "traffic-data"
2026-03-24 23:40:08 | INFO     | __main__ | --- Round 1 ---
2026-03-24 23:40:08 | INFO     | db_client | Database connection closed.
2026-03-24 23:40:08 | INFO     | kafka.producer.kafka | Closing the Kafka producer with 0 secs timeout.
2026-03-24 23:40:08 | INFO     | kafka.producer.kafka | Proceeding to force close the producer since pending requests could not be completed within timeout 0.
2026-03-24 23:41:56 | INFO     | __main__ | =======================================================
2026-03-24 23:41:56 | INFO     | __main__ |   Traffic Analytics Producer — Starting
2026-03-24 23:41:56 | INFO     | __main__ |   Monitoring 14 locations
2026-03-24 23:41:56 | INFO     | __main__ |   Poll interval: 60 seconds
2026-03-24 23:41:56 | INFO     | __main__ | =======================================================
2026-03-24 23:41:56 | INFO     | db_client | Connected to PostgreSQL successfully.
2026-03-24 23:41:56 | INFO     | kafka.conn | <BrokerConnection node_id=bootstrap-0 host=localhost:9092 <connecting> [IPv6 ('::1', 9092, 0, 0)]>: connecting to localhost:9092 [('::1', 9092, 0, 0) IPv6]
2026-03-24 23:41:56 | INFO     | kafka.conn | Probing node bootstrap-0 broker version
2026-03-24 23:41:56 | INFO     | kafka.conn | <BrokerConnection node_id=bootstrap-0 host=localhost:9092 <connecting> [IPv6 ('::1', 9092, 0, 0)]>: Connection complete.
2026-03-24 23:41:56 | INFO     | kafka.conn | Broker version identified as 2.5.0
2026-03-24 23:41:56 | INFO     | kafka.conn | Set configuration api_version=(2, 5, 0) to skip auto check_version requests on startup
2026-03-24 23:41:56 | INFO     | kafka_client | Connected to Kafka at localhost:9092
2026-03-24 23:41:56 | INFO     | kafka_client | Messages will go to topic: "traffic-data"
2026-03-24 23:41:56 | INFO     | __main__ | --- Round 1 ---
2026-03-24 23:41:56 | INFO     | api_client | Calling TomTom API for 30.0444,31.2357 — attempt 1
2026-03-24 23:41:57 | INFO     | api_client |   Got data: speed=20 km/h | free-flow=20 km/h | road closed=False
2026-03-24 23:41:57 | ERROR    | db_client | Failed to save Tahrir Square to database: column "location_name" of relation "raw_events" does not exist
LINE 6:                 location_name,
                        ^

2026-03-24 23:41:57 | INFO     | db_client | Database connection closed.
2026-03-24 23:41:57 | INFO     | kafka.producer.kafka | Closing the Kafka producer with 4294967.0 secs timeout.
2026-03-24 23:41:57 | INFO     | kafka.conn | <BrokerConnection node_id=bootstrap-0 host=localhost:9092 <connected> [IPv6 ('::1', 9092, 0, 0)]>: Closing connection. 
2026-03-24 23:41:57 | INFO     | kafka_client | Kafka producer closed cleanly.
2026-03-24 23:41:57 | INFO     | __main__ | Producer shut down cleanly.
2026-03-24 23:42:46 | INFO     | __main__ | =======================================================
2026-03-24 23:42:46 | INFO     | __main__ |   Traffic Analytics Producer — Starting
2026-03-24 23:42:46 | INFO     | __main__ |   Monitoring 14 locations
2026-03-24 23:42:46 | INFO     | __main__ |   Poll interval: 60 seconds
2026-03-24 23:42:46 | INFO     | __main__ | =======================================================
2026-03-24 23:42:46 | INFO     | db_client | Connected to PostgreSQL successfully.
2026-03-24 23:42:46 | INFO     | kafka.conn | <BrokerConnection node_id=bootstrap-0 host=localhost:9092 <connecting> [IPv6 ('::1', 9092, 0, 0)]>: connecting to localhost:9092 [('::1', 9092, 0, 0) IPv6]
2026-03-24 23:42:46 | INFO     | kafka.conn | Probing node bootstrap-0 broker version
2026-03-24 23:42:46 | INFO     | kafka.conn | <BrokerConnection node_id=bootstrap-0 host=localhost:9092 <connecting> [IPv6 ('::1', 9092, 0, 0)]>: Connection complete.
2026-03-24 23:42:47 | INFO     | kafka.conn | Broker version identified as 2.5.0
2026-03-24 23:42:47 | INFO     | kafka.conn | Set configuration api_version=(2, 5, 0) to skip auto check_version requests on startup
2026-03-24 23:42:47 | INFO     | kafka_client | Connected to Kafka at localhost:9092
2026-03-24 23:42:47 | INFO     | kafka_client | Messages will go to topic: "traffic-data"
2026-03-24 23:42:47 | INFO     | __main__ | --- Round 1 ---
2026-03-24 23:42:47 | INFO     | api_client | Calling TomTom API for 30.0444,31.2357 — attempt 1
2026-03-24 23:42:47 | INFO     | api_client |   Got data: speed=20 km/h | free-flow=20 km/h | road closed=False
2026-03-24 23:42:47 | ERROR    | db_client | Failed to save Tahrir Square to database: column "location_name" of relation "raw_events" does not exist
LINE 6:                 location_name,
                        ^

2026-03-24 23:42:47 | INFO     | kafka.conn | <BrokerConnection node_id=1 host=localhost:9092 <connecting> [IPv6 ('::1', 9092, 0, 0)]>: connecting to localhost:9092 [('::1', 9092, 0, 0) IPv6]
2026-03-24 23:42:47 | INFO     | kafka.conn | <BrokerConnection node_id=1 host=localhost:9092 <connecting> [IPv6 ('::1', 9092, 0, 0)]>: Connection complete.
2026-03-24 23:42:47 | INFO     | kafka.conn | <BrokerConnection node_id=bootstrap-0 host=localhost:9092 <connected> [IPv6 ('::1', 9092, 0, 0)]>: Closing connection. 
2026-03-24 23:42:47 | INFO     | kafka_client | Sent to Kafka: Tahrir Square | topic=traffic-data | partition=0 | offset=4
2026-03-24 23:42:48 | INFO     | api_client | Calling TomTom API for 30.0626,31.3417 — attempt 1
2026-03-24 23:42:48 | INFO     | api_client |   Got data: speed=51 km/h | free-flow=51 km/h | road closed=False
2026-03-24 23:42:49 | ERROR    | db_client | Failed to save Nasr City Ring Road to database: column "location_name" of relation "raw_events" does not exist
LINE 6:                 location_name,
                        ^

2026-03-24 23:42:49 | INFO     | kafka_client | Sent to Kafka: Nasr City Ring Road | topic=traffic-data | partition=0 | offset=5
2026-03-24 23:42:49 | INFO     | api_client | Calling TomTom API for 30.0603,31.2446 — attempt 1
2026-03-24 23:42:50 | INFO     | api_client |   Got data: speed=26 km/h | free-flow=26 km/h | road closed=False
2026-03-24 23:42:50 | ERROR    | db_client | Failed to save October Bridge to database: column "location_name" of relation "raw_events" does not exist
LINE 6:                 location_name,
                        ^

2026-03-24 23:42:50 | INFO     | kafka_client | Sent to Kafka: October Bridge | topic=traffic-data | partition=0 | offset=6
2026-03-24 23:42:50 | INFO     | api_client | Calling TomTom API for 30.015822,31.22392 — attempt 1
2026-03-24 23:42:51 | INFO     | api_client |   Got data: speed=23 km/h | free-flow=23 km/h | road closed=True
2026-03-24 23:42:51 | ERROR    | db_client | Failed to save El-Rawda St to database: column "location_name" of relation "raw_events" does not exist
LINE 6:                 location_name,
                        ^

2026-03-24 23:42:51 | INFO     | kafka_client | Sent to Kafka: El-Rawda St | topic=traffic-data | partition=0 | offset=7
2026-03-24 23:42:51 | INFO     | api_client | Calling TomTom API for 29.9602,31.2569 — attempt 1
2026-03-24 23:42:52 | INFO     | api_client |   Got data: speed=33 km/h | free-flow=33 km/h | road closed=False
2026-03-24 23:42:52 | ERROR    | db_client | Failed to save Maadi Corniche to database: column "location_name" of relation "raw_events" does not exist
LINE 6:                 location_name,
                        ^

2026-03-24 23:42:52 | INFO     | kafka_client | Sent to Kafka: Maadi Corniche | topic=traffic-data | partition=0 | offset=8
2026-03-24 23:42:52 | INFO     | api_client | Calling TomTom API for 30.0499,31.2466 — attempt 1
2026-03-24 23:42:53 | INFO     | api_client |   Got data: speed=19 km/h | free-flow=19 km/h | road closed=False
2026-03-24 23:42:53 | ERROR    | db_client | Failed to save El-Gomhoreya St to database: column "location_name" of relation "raw_events" does not exist
LINE 6:                 location_name,
                        ^

2026-03-24 23:42:53 | INFO     | kafka_client | Sent to Kafka: El-Gomhoreya St | topic=traffic-data | partition=0 | offset=9
2026-03-24 23:42:54 | INFO     | api_client | Calling TomTom API for 30.0523,31.2542 — attempt 1
2026-03-24 23:42:54 | INFO     | api_client |   Got data: speed=18 km/h | free-flow=18 km/h | road closed=False
2026-03-24 23:42:54 | ERROR    | db_client | Failed to save El-Gaish St to database: column "location_name" of relation "raw_events" does not exist
LINE 6:                 location_name,
                        ^

2026-03-24 23:42:54 | INFO     | kafka_client | Sent to Kafka: El-Gaish St | topic=traffic-data | partition=0 | offset=10
2026-03-24 23:42:55 | INFO     | api_client | Calling TomTom API for 30.0396,31.2657 — attempt 1
2026-03-24 23:42:55 | INFO     | api_client |   Got data: speed=55 km/h | free-flow=55 km/h | road closed=False
2026-03-24 23:42:55 | ERROR    | db_client | Failed to save Salah Salem Road to database: column "location_name" of relation "raw_events" does not exist
LINE 6:                 location_name,
                        ^

2026-03-24 23:42:55 | INFO     | kafka_client | Sent to Kafka: Salah Salem Road | topic=traffic-data | partition=0 | offset=11
2026-03-24 23:42:56 | INFO     | api_client | Calling TomTom API for 30.052613,31.237925 — attempt 1
2026-03-24 23:42:56 | INFO     | api_client |   Got data: speed=31 km/h | free-flow=31 km/h | road closed=False
2026-03-24 23:42:56 | ERROR    | db_client | Failed to save Ramses St to database: column "location_name" of relation "raw_events" does not exist
LINE 6:                 location_name,
                        ^

2026-03-24 23:42:56 | INFO     | kafka_client | Sent to Kafka: Ramses St | topic=traffic-data | partition=0 | offset=12
2026-03-24 23:42:57 | INFO     | api_client | Calling TomTom API for 30.0506,31.2404 — attempt 1
2026-03-24 23:42:58 | INFO     | api_client |   Got data: speed=17 km/h | free-flow=17 km/h | road closed=False
2026-03-24 23:42:58 | ERROR    | db_client | Failed to save Talaat Harb St to database: column "location_name" of relation "raw_events" does not exist
LINE 6:                 location_name,
                        ^

2026-03-24 23:42:58 | INFO     | kafka_client | Sent to Kafka: Talaat Harb St | topic=traffic-data | partition=0 | offset=13
2026-03-24 23:42:58 | INFO     | api_client | Calling TomTom API for 30.015433,31.214553 — attempt 1
2026-03-24 23:42:59 | INFO     | api_client |   Got data: speed=26 km/h | free-flow=26 km/h | road closed=True
2026-03-24 23:42:59 | ERROR    | db_client | Failed to save El Haram St to database: column "location_name" of relation "raw_events" does not exist
LINE 6:                 location_name,
                        ^

2026-03-24 23:42:59 | INFO     | kafka_client | Sent to Kafka: El Haram St | topic=traffic-data | partition=0 | offset=14
2026-03-24 23:42:59 | INFO     | api_client | Calling TomTom API for 30.047107,31.231616 — attempt 1
2026-03-24 23:43:00 | INFO     | api_client |   Got data: speed=34 km/h | free-flow=34 km/h | road closed=False
2026-03-24 23:43:00 | ERROR    | db_client | Failed to save Nile Corniche to database: column "location_name" of relation "raw_events" does not exist
LINE 6:                 location_name,
                        ^

2026-03-24 23:43:00 | INFO     | kafka_client | Sent to Kafka: Nile Corniche | topic=traffic-data | partition=0 | offset=15
2026-03-24 23:43:00 | INFO     | api_client | Calling TomTom API for 30.063321,31.167581 — attempt 1
2026-03-24 23:43:01 | INFO     | api_client |   Got data: speed=78 km/h | free-flow=78 km/h | road closed=True
2026-03-24 23:43:01 | ERROR    | db_client | Failed to save 26th of July Corridor to database: column "location_name" of relation "raw_events" does not exist
LINE 6:                 location_name,
                        ^

2026-03-24 23:43:01 | INFO     | kafka_client | Sent to Kafka: 26th of July Corridor | topic=traffic-data | partition=0 | offset=16
2026-03-24 23:43:02 | INFO     | api_client | Calling TomTom API for 30.051973,31.216775 — attempt 1
2026-03-24 23:43:02 | INFO     | api_client |   Got data: speed=39 km/h | free-flow=39 km/h | road closed=False
2026-03-24 23:43:02 | ERROR    | db_client | Failed to save Gamal Abd El-Nasser Rd to database: column "location_name" of relation "raw_events" does not exist
LINE 6:                 location_name,
                        ^

2026-03-24 23:43:02 | INFO     | kafka_client | Sent to Kafka: Gamal Abd El-Nasser Rd | topic=traffic-data | partition=0 | offset=17
2026-03-24 23:43:03 | INFO     | __main__ | Round 1 done — 14 ok, 0 failed
2026-03-24 23:43:03 | INFO     | __main__ | Sleeping 60s...

2026-03-24 23:43:09 | INFO     | __main__ | Stopped by user (Ctrl+C).
2026-03-24 23:43:09 | INFO     | db_client | Database connection closed.
2026-03-24 23:43:09 | INFO     | kafka.producer.kafka | Closing the Kafka producer with 4294967.0 secs timeout.
2026-03-24 23:43:09 | INFO     | kafka.conn | <BrokerConnection node_id=1 host=localhost:9092 <connected> [IPv6 ('::1', 9092, 0, 0)]>: Closing connection. 
2026-03-24 23:43:09 | INFO     | kafka_client | Kafka producer closed cleanly.
2026-03-24 23:43:09 | INFO     | __main__ | Producer shut down cleanly.
2026-03-24 23:49:06 | INFO     | __main__ | =======================================================
2026-03-24 23:49:06 | INFO     | __main__ |   Traffic Analytics Producer — Starting
2026-03-24 23:49:06 | INFO     | __main__ |   Monitoring 14 locations
2026-03-24 23:49:06 | INFO     | __main__ |   Poll interval: 60 seconds
2026-03-24 23:49:06 | INFO     | __main__ | =======================================================
2026-03-24 23:49:06 | INFO     | db_client | Connected to PostgreSQL successfully.
2026-03-24 23:49:06 | INFO     | kafka.conn | <BrokerConnection node_id=bootstrap-0 host=localhost:9092 <connecting> [IPv6 ('::1', 9092, 0, 0)]>: connecting to localhost:9092 [('::1', 9092, 0, 0) IPv6]
2026-03-24 23:49:06 | INFO     | kafka.conn | Probing node bootstrap-0 broker version
2026-03-24 23:49:06 | INFO     | kafka.conn | <BrokerConnection node_id=bootstrap-0 host=localhost:9092 <connecting> [IPv6 ('::1', 9092, 0, 0)]>: Connection complete.
2026-03-24 23:49:06 | INFO     | kafka.conn | Broker version identified as 2.5.0
2026-03-24 23:49:06 | INFO     | kafka.conn | Set configuration api_version=(2, 5, 0) to skip auto check_version requests on startup
2026-03-24 23:49:06 | INFO     | kafka_client | Connected to Kafka at localhost:9092
2026-03-24 23:49:06 | INFO     | kafka_client | Messages will go to topic: "traffic-data"
2026-03-24 23:49:06 | INFO     | __main__ | --- Round 1 ---
2026-03-24 23:49:06 | INFO     | api_client | Calling TomTom API for 30.0444,31.2357 — attempt 1
2026-03-24 23:49:07 | INFO     | api_client |   Got data: speed=20 km/h | free-flow=20 km/h | road closed=False
2026-03-24 23:49:07 | ERROR    | db_client | Failed to save Tahrir Square to database: column "location_name" of relation "raw_events" does not exist
LINE 6:                 location_name,
                        ^

2026-03-24 23:49:07 | INFO     | kafka.conn | <BrokerConnection node_id=1 host=localhost:9092 <connecting> [IPv6 ('::1', 9092, 0, 0)]>: connecting to localhost:9092 [('::1', 9092, 0, 0) IPv6]
2026-03-24 23:49:07 | INFO     | kafka.conn | <BrokerConnection node_id=1 host=localhost:9092 <connecting> [IPv6 ('::1', 9092, 0, 0)]>: Connection complete.
2026-03-24 23:49:07 | INFO     | kafka.conn | <BrokerConnection node_id=bootstrap-0 host=localhost:9092 <connected> [IPv6 ('::1', 9092, 0, 0)]>: Closing connection. 
2026-03-24 23:49:07 | INFO     | kafka_client | Sent to Kafka: Tahrir Square | topic=traffic-data | partition=0 | offset=18
2026-03-24 23:49:08 | INFO     | api_client | Calling TomTom API for 30.0626,31.3417 — attempt 1
2026-03-24 23:49:08 | INFO     | api_client |   Got data: speed=51 km/h | free-flow=51 km/h | road closed=False
2026-03-24 23:49:08 | ERROR    | db_client | Failed to save Nasr City Ring Road to database: column "location_name" of relation "raw_events" does not exist
LINE 6:                 location_name,
                        ^

2026-03-24 23:49:08 | INFO     | kafka_client | Sent to Kafka: Nasr City Ring Road | topic=traffic-data | partition=0 | offset=19
2026-03-24 23:49:09 | INFO     | api_client | Calling TomTom API for 30.0603,31.2446 — attempt 1
2026-03-24 23:49:09 | INFO     | api_client |   Got data: speed=26 km/h | free-flow=26 km/h | road closed=False
2026-03-24 23:49:09 | ERROR    | db_client | Failed to save October Bridge to database: column "location_name" of relation "raw_events" does not exist
LINE 6:                 location_name,
                        ^

2026-03-24 23:49:09 | INFO     | kafka_client | Sent to Kafka: October Bridge | topic=traffic-data | partition=0 | offset=20
2026-03-24 23:49:10 | INFO     | api_client | Calling TomTom API for 30.015822,31.22392 — attempt 1
2026-03-24 23:49:11 | INFO     | api_client |   Got data: speed=22 km/h | free-flow=23 km/h | road closed=True
2026-03-24 23:49:11 | ERROR    | db_client | Failed to save El-Rawda St to database: column "location_name" of relation "raw_events" does not exist
LINE 6:                 location_name,
                        ^

2026-03-24 23:49:11 | INFO     | kafka_client | Sent to Kafka: El-Rawda St | topic=traffic-data | partition=0 | offset=21
2026-03-24 23:49:11 | INFO     | api_client | Calling TomTom API for 29.9602,31.2569 — attempt 1
2026-03-24 23:49:12 | INFO     | api_client |   Got data: speed=33 km/h | free-flow=33 km/h | road closed=False
2026-03-24 23:49:12 | ERROR    | db_client | Failed to save Maadi Corniche to database: column "location_name" of relation "raw_events" does not exist
LINE 6:                 location_name,
                        ^

2026-03-24 23:49:12 | INFO     | kafka_client | Sent to Kafka: Maadi Corniche | topic=traffic-data | partition=0 | offset=22
2026-03-24 23:49:12 | INFO     | api_client | Calling TomTom API for 30.0499,31.2466 — attempt 1
2026-03-24 23:49:13 | INFO     | api_client |   Got data: speed=19 km/h | free-flow=19 km/h | road closed=False
2026-03-24 23:49:13 | ERROR    | db_client | Failed to save El-Gomhoreya St to database: column "location_name" of relation "raw_events" does not exist
LINE 6:                 location_name,
                        ^

2026-03-24 23:49:13 | INFO     | kafka_client | Sent to Kafka: El-Gomhoreya St | topic=traffic-data | partition=0 | offset=23
2026-03-24 23:49:13 | INFO     | api_client | Calling TomTom API for 30.0523,31.2542 — attempt 1
2026-03-24 23:49:14 | INFO     | api_client |   Got data: speed=18 km/h | free-flow=18 km/h | road closed=False
2026-03-24 23:49:14 | ERROR    | db_client | Failed to save El-Gaish St to database: column "location_name" of relation "raw_events" does not exist
LINE 6:                 location_name,
                        ^

2026-03-24 23:49:14 | INFO     | kafka_client | Sent to Kafka: El-Gaish St | topic=traffic-data | partition=0 | offset=24
2026-03-24 23:49:14 | INFO     | api_client | Calling TomTom API for 30.0396,31.2657 — attempt 1
2026-03-24 23:49:15 | INFO     | api_client |   Got data: speed=55 km/h | free-flow=55 km/h | road closed=False
2026-03-24 23:49:15 | ERROR    | db_client | Failed to save Salah Salem Road to database: column "location_name" of relation "raw_events" does not exist
LINE 6:                 location_name,
                        ^

2026-03-24 23:49:15 | INFO     | kafka_client | Sent to Kafka: Salah Salem Road | topic=traffic-data | partition=0 | offset=25
2026-03-24 23:49:16 | INFO     | api_client | Calling TomTom API for 30.052613,31.237925 — attempt 1
2026-03-24 23:49:16 | INFO     | api_client |   Got data: speed=31 km/h | free-flow=31 km/h | road closed=False
2026-03-24 23:49:16 | ERROR    | db_client | Failed to save Ramses St to database: column "location_name" of relation "raw_events" does not exist
LINE 6:                 location_name,
                        ^

2026-03-24 23:49:16 | INFO     | kafka_client | Sent to Kafka: Ramses St | topic=traffic-data | partition=0 | offset=26
2026-03-24 23:49:17 | INFO     | api_client | Calling TomTom API for 30.0506,31.2404 — attempt 1
2026-03-24 23:49:17 | INFO     | api_client |   Got data: speed=17 km/h | free-flow=17 km/h | road closed=False
2026-03-24 23:49:17 | ERROR    | db_client | Failed to save Talaat Harb St to database: column "location_name" of relation "raw_events" does not exist
LINE 6:                 location_name,
                        ^

2026-03-24 23:49:17 | INFO     | kafka_client | Sent to Kafka: Talaat Harb St | topic=traffic-data | partition=0 | offset=27
2026-03-24 23:49:18 | INFO     | api_client | Calling TomTom API for 30.015433,31.214553 — attempt 1
2026-03-24 23:49:19 | INFO     | api_client |   Got data: speed=26 km/h | free-flow=26 km/h | road closed=True
2026-03-24 23:49:19 | ERROR    | db_client | Failed to save El Haram St to database: column "location_name" of relation "raw_events" does not exist
LINE 6:                 location_name,
                        ^

2026-03-24 23:49:19 | INFO     | kafka_client | Sent to Kafka: El Haram St | topic=traffic-data | partition=0 | offset=28
2026-03-24 23:49:19 | INFO     | api_client | Calling TomTom API for 30.047107,31.231616 — attempt 1
2026-03-24 23:49:20 | INFO     | api_client |   Got data: speed=34 km/h | free-flow=34 km/h | road closed=False
2026-03-24 23:49:20 | ERROR    | db_client | Failed to save Nile Corniche to database: column "location_name" of relation "raw_events" does not exist
LINE 6:                 location_name,
                        ^

2026-03-24 23:49:20 | INFO     | kafka_client | Sent to Kafka: Nile Corniche | topic=traffic-data | partition=0 | offset=29
2026-03-24 23:49:20 | INFO     | api_client | Calling TomTom API for 30.063321,31.167581 — attempt 1
2026-03-24 23:49:21 | INFO     | api_client |   Got data: speed=77 km/h | free-flow=77 km/h | road closed=True
2026-03-24 23:49:21 | ERROR    | db_client | Failed to save 26th of July Corridor to database: column "location_name" of relation "raw_events" does not exist
LINE 6:                 location_name,
                        ^

2026-03-24 23:49:21 | INFO     | kafka_client | Sent to Kafka: 26th of July Corridor | topic=traffic-data | partition=0 | offset=30
2026-03-24 23:49:22 | INFO     | api_client | Calling TomTom API for 30.051973,31.216775 — attempt 1
2026-03-24 23:49:22 | INFO     | api_client |   Got data: speed=39 km/h | free-flow=39 km/h | road closed=False
2026-03-24 23:49:22 | ERROR    | db_client | Failed to save Gamal Abd El-Nasser Rd to database: column "location_name" of relation "raw_events" does not exist
LINE 6:                 location_name,
                        ^

2026-03-24 23:49:22 | INFO     | kafka_client | Sent to Kafka: Gamal Abd El-Nasser Rd | topic=traffic-data | partition=0 | offset=31
2026-03-24 23:49:23 | INFO     | __main__ | Round 1 done — 14 ok, 0 failed
2026-03-24 23:49:23 | INFO     | __main__ | Sleeping 60s...

2026-03-24 23:50:23 | INFO     | __main__ | --- Round 2 ---
2026-03-24 23:50:23 | INFO     | api_client | Calling TomTom API for 30.0444,31.2357 — attempt 1
2026-03-24 23:50:24 | INFO     | api_client |   Got data: speed=20 km/h | free-flow=20 km/h | road closed=False
2026-03-24 23:50:24 | ERROR    | db_client | Failed to save Tahrir Square to database: column "location_name" of relation "raw_events" does not exist
LINE 6:                 location_name,
                        ^

2026-03-24 23:50:24 | INFO     | kafka_client | Sent to Kafka: Tahrir Square | topic=traffic-data | partition=0 | offset=32
2026-03-24 23:50:24 | INFO     | api_client | Calling TomTom API for 30.0626,31.3417 — attempt 1
2026-03-24 23:50:25 | INFO     | api_client |   Got data: speed=51 km/h | free-flow=51 km/h | road closed=False
2026-03-24 23:50:25 | ERROR    | db_client | Failed to save Nasr City Ring Road to database: column "location_name" of relation "raw_events" does not exist
LINE 6:                 location_name,
                        ^

2026-03-24 23:50:25 | INFO     | kafka_client | Sent to Kafka: Nasr City Ring Road | topic=traffic-data | partition=0 | offset=33
2026-03-24 23:50:25 | INFO     | api_client | Calling TomTom API for 30.0603,31.2446 — attempt 1
2026-03-24 23:50:26 | INFO     | api_client |   Got data: speed=26 km/h | free-flow=26 km/h | road closed=False
2026-03-24 23:50:26 | ERROR    | db_client | Failed to save October Bridge to database: column "location_name" of relation "raw_events" does not exist
LINE 6:                 location_name,
                        ^

2026-03-24 23:50:26 | INFO     | kafka_client | Sent to Kafka: October Bridge | topic=traffic-data | partition=0 | offset=34
2026-03-24 23:50:26 | INFO     | api_client | Calling TomTom API for 30.015822,31.22392 — attempt 1
2026-03-24 23:50:27 | INFO     | api_client |   Got data: speed=22 km/h | free-flow=23 km/h | road closed=True
2026-03-24 23:50:27 | ERROR    | db_client | Failed to save El-Rawda St to database: column "location_name" of relation "raw_events" does not exist
LINE 6:                 location_name,
                        ^

2026-03-24 23:50:27 | INFO     | kafka_client | Sent to Kafka: El-Rawda St | topic=traffic-data | partition=0 | offset=35
2026-03-24 23:50:28 | INFO     | api_client | Calling TomTom API for 29.9602,31.2569 — attempt 1
2026-03-24 23:50:28 | INFO     | api_client |   Got data: speed=33 km/h | free-flow=33 km/h | road closed=False
2026-03-24 23:50:28 | ERROR    | db_client | Failed to save Maadi Corniche to database: column "location_name" of relation "raw_events" does not exist
LINE 6:                 location_name,
                        ^

2026-03-24 23:50:28 | INFO     | kafka_client | Sent to Kafka: Maadi Corniche | topic=traffic-data | partition=0 | offset=36
2026-03-24 23:50:29 | INFO     | api_client | Calling TomTom API for 30.0499,31.2466 — attempt 1
2026-03-24 23:50:29 | INFO     | api_client |   Got data: speed=19 km/h | free-flow=19 km/h | road closed=False
2026-03-24 23:50:29 | ERROR    | db_client | Failed to save El-Gomhoreya St to database: column "location_name" of relation "raw_events" does not exist
LINE 6:                 location_name,
                        ^

2026-03-24 23:50:29 | INFO     | kafka_client | Sent to Kafka: El-Gomhoreya St | topic=traffic-data | partition=0 | offset=37
2026-03-24 23:50:30 | INFO     | api_client | Calling TomTom API for 30.0523,31.2542 — attempt 1
2026-03-24 23:50:30 | INFO     | api_client |   Got data: speed=18 km/h | free-flow=18 km/h | road closed=False
2026-03-24 23:50:30 | ERROR    | db_client | Failed to save El-Gaish St to database: column "location_name" of relation "raw_events" does not exist
LINE 6:                 location_name,
                        ^

2026-03-24 23:50:30 | INFO     | kafka_client | Sent to Kafka: El-Gaish St | topic=traffic-data | partition=0 | offset=38
2026-03-24 23:50:31 | INFO     | api_client | Calling TomTom API for 30.0396,31.2657 — attempt 1
2026-03-24 23:50:32 | INFO     | api_client |   Got data: speed=55 km/h | free-flow=55 km/h | road closed=False
2026-03-24 23:50:32 | ERROR    | db_client | Failed to save Salah Salem Road to database: column "location_name" of relation "raw_events" does not exist
LINE 6:                 location_name,
                        ^

2026-03-24 23:50:32 | INFO     | kafka_client | Sent to Kafka: Salah Salem Road | topic=traffic-data | partition=0 | offset=39
2026-03-24 23:50:32 | INFO     | api_client | Calling TomTom API for 30.052613,31.237925 — attempt 1
2026-03-24 23:50:33 | INFO     | api_client |   Got data: speed=31 km/h | free-flow=31 km/h | road closed=False
2026-03-24 23:50:33 | ERROR    | db_client | Failed to save Ramses St to database: column "location_name" of relation "raw_events" does not exist
LINE 6:                 location_name,
                        ^

2026-03-24 23:50:33 | INFO     | kafka_client | Sent to Kafka: Ramses St | topic=traffic-data | partition=0 | offset=40
2026-03-24 23:50:33 | INFO     | api_client | Calling TomTom API for 30.0506,31.2404 — attempt 1
2026-03-24 23:50:34 | INFO     | api_client |   Got data: speed=17 km/h | free-flow=17 km/h | road closed=False
2026-03-24 23:50:34 | ERROR    | db_client | Failed to save Talaat Harb St to database: column "location_name" of relation "raw_events" does not exist
LINE 6:                 location_name,
                        ^

2026-03-24 23:50:34 | INFO     | kafka_client | Sent to Kafka: Talaat Harb St | topic=traffic-data | partition=0 | offset=41
2026-03-24 23:50:35 | INFO     | api_client | Calling TomTom API for 30.015433,31.214553 — attempt 1
2026-03-24 23:50:35 | INFO     | api_client |   Got data: speed=27 km/h | free-flow=27 km/h | road closed=True
2026-03-24 23:50:35 | ERROR    | db_client | Failed to save El Haram St to database: column "location_name" of relation "raw_events" does not exist
LINE 6:                 location_name,
                        ^

2026-03-24 23:50:35 | INFO     | kafka_client | Sent to Kafka: El Haram St | topic=traffic-data | partition=0 | offset=42
2026-03-24 23:50:36 | INFO     | api_client | Calling TomTom API for 30.047107,31.231616 — attempt 1
2026-03-24 23:50:36 | INFO     | api_client |   Got data: speed=34 km/h | free-flow=34 km/h | road closed=False
2026-03-24 23:50:36 | ERROR    | db_client | Failed to save Nile Corniche to database: column "location_name" of relation "raw_events" does not exist
LINE 6:                 location_name,
                        ^

2026-03-24 23:50:36 | INFO     | kafka_client | Sent to Kafka: Nile Corniche | topic=traffic-data | partition=0 | offset=43
2026-03-24 23:50:37 | INFO     | api_client | Calling TomTom API for 30.063321,31.167581 — attempt 1
2026-03-24 23:50:37 | INFO     | api_client |   Got data: speed=77 km/h | free-flow=77 km/h | road closed=True
2026-03-24 23:50:37 | ERROR    | db_client | Failed to save 26th of July Corridor to database: column "location_name" of relation "raw_events" does not exist
LINE 6:                 location_name,
                        ^

2026-03-24 23:50:37 | INFO     | kafka_client | Sent to Kafka: 26th of July Corridor | topic=traffic-data | partition=0 | offset=44
2026-03-24 23:50:38 | INFO     | api_client | Calling TomTom API for 30.051973,31.216775 — attempt 1
2026-03-24 23:50:39 | INFO     | api_client |   Got data: speed=39 km/h | free-flow=39 km/h | road closed=False
2026-03-24 23:50:39 | ERROR    | db_client | Failed to save Gamal Abd El-Nasser Rd to database: column "location_name" of relation "raw_events" does not exist
LINE 6:                 location_name,
                        ^

2026-03-24 23:50:39 | INFO     | kafka_client | Sent to Kafka: Gamal Abd El-Nasser Rd | topic=traffic-data | partition=0 | offset=45
2026-03-24 23:50:39 | INFO     | __main__ | Round 2 done — 14 ok, 0 failed
2026-03-24 23:50:39 | INFO     | __main__ | Sleeping 60s...

2026-03-24 23:51:39 | INFO     | __main__ | --- Round 3 ---
2026-03-24 23:51:39 | INFO     | api_client | Calling TomTom API for 30.0444,31.2357 — attempt 1
2026-03-24 23:51:40 | INFO     | api_client |   Got data: speed=20 km/h | free-flow=20 km/h | road closed=False
2026-03-24 23:51:40 | ERROR    | db_client | Failed to save Tahrir Square to database: column "location_name" of relation "raw_events" does not exist
LINE 6:                 location_name,
                        ^

2026-03-24 23:51:40 | INFO     | kafka_client | Sent to Kafka: Tahrir Square | topic=traffic-data | partition=0 | offset=46
2026-03-24 23:51:41 | INFO     | api_client | Calling TomTom API for 30.0626,31.3417 — attempt 1
2026-03-24 23:51:42 | INFO     | __main__ | Stopped by user (Ctrl+C).
2026-03-24 23:51:42 | INFO     | db_client | Database connection closed.
2026-03-24 23:51:42 | INFO     | kafka.producer.kafka | Closing the Kafka producer with 4294967.0 secs timeout.
2026-03-24 23:51:42 | INFO     | kafka.conn | <BrokerConnection node_id=1 host=localhost:9092 <connected> [IPv6 ('::1', 9092, 0, 0)]>: Closing connection. 
2026-03-24 23:51:42 | INFO     | kafka_client | Kafka producer closed cleanly.
2026-03-24 23:51:42 | INFO     | __main__ | Producer shut down cleanly.
2026-03-24 23:55:20 | INFO     | __main__ | =======================================================
2026-03-24 23:55:20 | INFO     | __main__ |   Traffic Analytics Producer — Starting
2026-03-24 23:55:20 | INFO     | __main__ |   Monitoring 14 locations
2026-03-24 23:55:20 | INFO     | __main__ |   Poll interval: 60 seconds
2026-03-24 23:55:20 | INFO     | __main__ | =======================================================
2026-03-24 23:55:20 | INFO     | db_client | Connected to PostgreSQL successfully.
2026-03-24 23:55:20 | INFO     | kafka.conn | <BrokerConnection node_id=bootstrap-0 host=localhost:9092 <connecting> [IPv6 ('::1', 9092, 0, 0)]>: connecting to localhost:9092 [('::1', 9092, 0, 0) IPv6]
2026-03-24 23:55:20 | INFO     | kafka.conn | Probing node bootstrap-0 broker version
2026-03-24 23:55:20 | INFO     | kafka.conn | <BrokerConnection node_id=bootstrap-0 host=localhost:9092 <connecting> [IPv6 ('::1', 9092, 0, 0)]>: Connection complete.
2026-03-24 23:55:20 | INFO     | kafka.conn | Broker version identified as 2.5.0
2026-03-24 23:55:20 | INFO     | kafka.conn | Set configuration api_version=(2, 5, 0) to skip auto check_version requests on startup
2026-03-24 23:55:20 | INFO     | kafka_client | Connected to Kafka at localhost:9092
2026-03-24 23:55:20 | INFO     | kafka_client | Messages will go to topic: "traffic-data"
2026-03-24 23:55:20 | INFO     | __main__ | --- Round 1 ---
2026-03-24 23:55:20 | INFO     | api_client | Calling TomTom API for 30.0444,31.2357 — attempt 1
2026-03-24 23:55:21 | INFO     | api_client |   Got data: speed=20 km/h | free-flow=20 km/h | road closed=False
2026-03-24 23:55:21 | ERROR    | db_client | Failed to save Tahrir Square to database: column "location_name" of relation "raw_events" does not exist
LINE 6:                 location_name,
                        ^

2026-03-24 23:55:21 | INFO     | kafka.conn | <BrokerConnection node_id=1 host=localhost:9092 <connecting> [IPv6 ('::1', 9092, 0, 0)]>: connecting to localhost:9092 [('::1', 9092, 0, 0) IPv6]
2026-03-24 23:55:21 | INFO     | kafka.conn | <BrokerConnection node_id=1 host=localhost:9092 <connecting> [IPv6 ('::1', 9092, 0, 0)]>: Connection complete.
2026-03-24 23:55:21 | INFO     | kafka.conn | <BrokerConnection node_id=bootstrap-0 host=localhost:9092 <connected> [IPv6 ('::1', 9092, 0, 0)]>: Closing connection. 
2026-03-24 23:55:21 | INFO     | kafka_client | Sent to Kafka: Tahrir Square | topic=traffic-data | partition=0 | offset=0
2026-03-24 23:55:22 | INFO     | api_client | Calling TomTom API for 30.0626,31.3417 — attempt 1
2026-03-24 23:55:22 | INFO     | api_client |   Got data: speed=51 km/h | free-flow=51 km/h | road closed=False
2026-03-24 23:55:22 | ERROR    | db_client | Failed to save Nasr City Ring Road to database: column "location_name" of relation "raw_events" does not exist
LINE 6:                 location_name,
                        ^

2026-03-24 23:55:22 | INFO     | kafka_client | Sent to Kafka: Nasr City Ring Road | topic=traffic-data | partition=0 | offset=1
2026-03-24 23:55:23 | INFO     | api_client | Calling TomTom API for 30.0603,31.2446 — attempt 1
2026-03-24 23:55:24 | INFO     | api_client |   Got data: speed=26 km/h | free-flow=26 km/h | road closed=False
2026-03-24 23:55:24 | ERROR    | db_client | Failed to save October Bridge to database: column "location_name" of relation "raw_events" does not exist
LINE 6:                 location_name,
                        ^

2026-03-24 23:55:24 | INFO     | kafka_client | Sent to Kafka: October Bridge | topic=traffic-data | partition=0 | offset=2
2026-03-24 23:55:24 | INFO     | api_client | Calling TomTom API for 30.015822,31.22392 — attempt 1
2026-03-24 23:55:25 | INFO     | api_client |   Got data: speed=23 km/h | free-flow=23 km/h | road closed=True
2026-03-24 23:55:25 | ERROR    | db_client | Failed to save El-Rawda St to database: column "location_name" of relation "raw_events" does not exist
LINE 6:                 location_name,
                        ^

2026-03-24 23:55:25 | INFO     | kafka_client | Sent to Kafka: El-Rawda St | topic=traffic-data | partition=0 | offset=3
2026-03-24 23:55:25 | INFO     | api_client | Calling TomTom API for 29.9602,31.2569 — attempt 1
2026-03-24 23:55:26 | INFO     | api_client |   Got data: speed=33 km/h | free-flow=33 km/h | road closed=False
2026-03-24 23:55:26 | ERROR    | db_client | Failed to save Maadi Corniche to database: column "location_name" of relation "raw_events" does not exist
LINE 6:                 location_name,
                        ^

2026-03-24 23:55:26 | INFO     | kafka_client | Sent to Kafka: Maadi Corniche | topic=traffic-data | partition=0 | offset=4
2026-03-24 23:55:26 | INFO     | api_client | Calling TomTom API for 30.0499,31.2466 — attempt 1
2026-03-24 23:55:27 | INFO     | api_client |   Got data: speed=19 km/h | free-flow=19 km/h | road closed=False
2026-03-24 23:55:27 | ERROR    | db_client | Failed to save El-Gomhoreya St to database: column "location_name" of relation "raw_events" does not exist
LINE 6:                 location_name,
                        ^

2026-03-24 23:55:27 | INFO     | kafka_client | Sent to Kafka: El-Gomhoreya St | topic=traffic-data | partition=0 | offset=5
2026-03-24 23:55:28 | INFO     | api_client | Calling TomTom API for 30.0523,31.2542 — attempt 1
2026-03-24 23:55:28 | INFO     | api_client |   Got data: speed=18 km/h | free-flow=18 km/h | road closed=False
2026-03-24 23:55:28 | ERROR    | db_client | Failed to save El-Gaish St to database: column "location_name" of relation "raw_events" does not exist
LINE 6:                 location_name,
                        ^

2026-03-24 23:55:28 | INFO     | kafka_client | Sent to Kafka: El-Gaish St | topic=traffic-data | partition=0 | offset=6
2026-03-24 23:55:29 | INFO     | api_client | Calling TomTom API for 30.0396,31.2657 — attempt 1
2026-03-24 23:55:29 | INFO     | api_client |   Got data: speed=55 km/h | free-flow=55 km/h | road closed=False
2026-03-24 23:55:29 | ERROR    | db_client | Failed to save Salah Salem Road to database: column "location_name" of relation "raw_events" does not exist
LINE 6:                 location_name,
                        ^

2026-03-24 23:55:29 | INFO     | kafka_client | Sent to Kafka: Salah Salem Road | topic=traffic-data | partition=0 | offset=7
2026-03-24 23:55:30 | INFO     | api_client | Calling TomTom API for 30.052613,31.237925 — attempt 1
2026-03-24 23:55:31 | INFO     | api_client |   Got data: speed=31 km/h | free-flow=31 km/h | road closed=False
2026-03-24 23:55:31 | ERROR    | db_client | Failed to save Ramses St to database: column "location_name" of relation "raw_events" does not exist
LINE 6:                 location_name,
                        ^

2026-03-24 23:55:31 | INFO     | kafka_client | Sent to Kafka: Ramses St | topic=traffic-data | partition=0 | offset=8
2026-03-24 23:55:31 | INFO     | api_client | Calling TomTom API for 30.0506,31.2404 — attempt 1
2026-03-24 23:55:32 | INFO     | api_client |   Got data: speed=17 km/h | free-flow=17 km/h | road closed=False
2026-03-24 23:55:32 | ERROR    | db_client | Failed to save Talaat Harb St to database: column "location_name" of relation "raw_events" does not exist
LINE 6:                 location_name,
                        ^

2026-03-24 23:55:32 | INFO     | kafka_client | Sent to Kafka: Talaat Harb St | topic=traffic-data | partition=0 | offset=9
2026-03-24 23:55:32 | INFO     | api_client | Calling TomTom API for 30.015433,31.214553 — attempt 1
2026-03-24 23:55:33 | INFO     | api_client |   Got data: speed=26 km/h | free-flow=27 km/h | road closed=True
2026-03-24 23:55:33 | ERROR    | db_client | Failed to save El Haram St to database: column "location_name" of relation "raw_events" does not exist
LINE 6:                 location_name,
                        ^

2026-03-24 23:55:33 | INFO     | kafka_client | Sent to Kafka: El Haram St | topic=traffic-data | partition=0 | offset=10
2026-03-24 23:55:33 | INFO     | api_client | Calling TomTom API for 30.047107,31.231616 — attempt 1
2026-03-24 23:55:34 | INFO     | api_client |   Got data: speed=34 km/h | free-flow=34 km/h | road closed=False
2026-03-24 23:55:34 | ERROR    | db_client | Failed to save Nile Corniche to database: column "location_name" of relation "raw_events" does not exist
LINE 6:                 location_name,
                        ^

2026-03-24 23:55:34 | INFO     | kafka_client | Sent to Kafka: Nile Corniche | topic=traffic-data | partition=0 | offset=11
2026-03-24 23:55:35 | INFO     | api_client | Calling TomTom API for 30.063321,31.167581 — attempt 1
2026-03-24 23:55:35 | INFO     | api_client |   Got data: speed=77 km/h | free-flow=78 km/h | road closed=True
2026-03-24 23:55:35 | ERROR    | db_client | Failed to save 26th of July Corridor to database: column "location_name" of relation "raw_events" does not exist
LINE 6:                 location_name,
                        ^

2026-03-24 23:55:35 | INFO     | kafka_client | Sent to Kafka: 26th of July Corridor | topic=traffic-data | partition=0 | offset=12
2026-03-24 23:55:36 | INFO     | api_client | Calling TomTom API for 30.051973,31.216775 — attempt 1
2026-03-24 23:55:36 | INFO     | api_client |   Got data: speed=39 km/h | free-flow=39 km/h | road closed=False
2026-03-24 23:55:36 | ERROR    | db_client | Failed to save Gamal Abd El-Nasser Rd to database: column "location_name" of relation "raw_events" does not exist
LINE 6:                 location_name,
                        ^

2026-03-24 23:55:36 | INFO     | kafka_client | Sent to Kafka: Gamal Abd El-Nasser Rd | topic=traffic-data | partition=0 | offset=13
2026-03-24 23:55:37 | INFO     | __main__ | Round 1 done — 14 ok, 0 failed
2026-03-24 23:55:37 | INFO     | __main__ | Sleeping 60s...

2026-03-24 23:56:37 | INFO     | __main__ | --- Round 2 ---
2026-03-24 23:56:37 | INFO     | api_client | Calling TomTom API for 30.0444,31.2357 — attempt 1
2026-03-24 23:56:38 | INFO     | api_client |   Got data: speed=20 km/h | free-flow=20 km/h | road closed=False
2026-03-24 23:56:38 | ERROR    | db_client | Failed to save Tahrir Square to database: column "location_name" of relation "raw_events" does not exist
LINE 6:                 location_name,
                        ^

2026-03-24 23:56:38 | INFO     | kafka_client | Sent to Kafka: Tahrir Square | topic=traffic-data | partition=0 | offset=14
2026-03-24 23:56:38 | INFO     | api_client | Calling TomTom API for 30.0626,31.3417 — attempt 1
2026-03-24 23:56:39 | INFO     | api_client |   Got data: speed=51 km/h | free-flow=51 km/h | road closed=False
2026-03-24 23:56:39 | ERROR    | db_client | Failed to save Nasr City Ring Road to database: column "location_name" of relation "raw_events" does not exist
LINE 6:                 location_name,
                        ^

2026-03-24 23:56:39 | INFO     | kafka_client | Sent to Kafka: Nasr City Ring Road | topic=traffic-data | partition=0 | offset=15
2026-03-24 23:56:39 | INFO     | api_client | Calling TomTom API for 30.0603,31.2446 — attempt 1
2026-03-24 23:56:41 | INFO     | api_client |   Got data: speed=26 km/h | free-flow=26 km/h | road closed=False
2026-03-24 23:56:41 | ERROR    | db_client | Failed to save October Bridge to database: column "location_name" of relation "raw_events" does not exist
LINE 6:                 location_name,
                        ^

2026-03-24 23:56:41 | INFO     | kafka_client | Sent to Kafka: October Bridge | topic=traffic-data | partition=0 | offset=16
2026-03-24 23:56:42 | INFO     | api_client | Calling TomTom API for 30.015822,31.22392 — attempt 1
2026-03-24 23:56:42 | INFO     | api_client |   Got data: speed=23 km/h | free-flow=23 km/h | road closed=True
2026-03-24 23:56:42 | ERROR    | db_client | Failed to save El-Rawda St to database: column "location_name" of relation "raw_events" does not exist
LINE 6:                 location_name,
                        ^

2026-03-24 23:56:42 | INFO     | kafka_client | Sent to Kafka: El-Rawda St | topic=traffic-data | partition=0 | offset=17
2026-03-24 23:56:43 | INFO     | api_client | Calling TomTom API for 29.9602,31.2569 — attempt 1
2026-03-24 23:56:43 | INFO     | api_client |   Got data: speed=33 km/h | free-flow=33 km/h | road closed=False
2026-03-24 23:56:43 | ERROR    | db_client | Failed to save Maadi Corniche to database: column "location_name" of relation "raw_events" does not exist
LINE 6:                 location_name,
                        ^

2026-03-24 23:56:43 | INFO     | kafka_client | Sent to Kafka: Maadi Corniche | topic=traffic-data | partition=0 | offset=18
2026-03-24 23:56:44 | INFO     | api_client | Calling TomTom API for 30.0499,31.2466 — attempt 1
2026-03-24 23:56:44 | INFO     | api_client |   Got data: speed=19 km/h | free-flow=19 km/h | road closed=False
2026-03-24 23:56:44 | ERROR    | db_client | Failed to save El-Gomhoreya St to database: column "location_name" of relation "raw_events" does not exist
LINE 6:                 location_name,
                        ^

2026-03-24 23:56:45 | INFO     | kafka_client | Sent to Kafka: El-Gomhoreya St | topic=traffic-data | partition=0 | offset=19
2026-03-24 23:56:45 | INFO     | api_client | Calling TomTom API for 30.0523,31.2542 — attempt 1
2026-03-24 23:56:46 | INFO     | api_client |   Got data: speed=18 km/h | free-flow=18 km/h | road closed=False
2026-03-24 23:56:46 | ERROR    | db_client | Failed to save El-Gaish St to database: column "location_name" of relation "raw_events" does not exist
LINE 6:                 location_name,
                        ^

2026-03-24 23:56:46 | INFO     | kafka_client | Sent to Kafka: El-Gaish St | topic=traffic-data | partition=0 | offset=20
2026-03-24 23:56:46 | INFO     | api_client | Calling TomTom API for 30.0396,31.2657 — attempt 1
2026-03-24 23:56:47 | INFO     | api_client |   Got data: speed=55 km/h | free-flow=55 km/h | road closed=False
2026-03-24 23:56:47 | ERROR    | db_client | Failed to save Salah Salem Road to database: column "location_name" of relation "raw_events" does not exist
LINE 6:                 location_name,
                        ^

2026-03-24 23:56:47 | INFO     | kafka_client | Sent to Kafka: Salah Salem Road | topic=traffic-data | partition=0 | offset=21
2026-03-24 23:56:47 | INFO     | api_client | Calling TomTom API for 30.052613,31.237925 — attempt 1
2026-03-24 23:56:48 | INFO     | api_client |   Got data: speed=31 km/h | free-flow=31 km/h | road closed=False
2026-03-24 23:56:48 | ERROR    | db_client | Failed to save Ramses St to database: column "location_name" of relation "raw_events" does not exist
LINE 6:                 location_name,
                        ^

2026-03-24 23:56:48 | INFO     | kafka_client | Sent to Kafka: Ramses St | topic=traffic-data | partition=0 | offset=22
2026-03-24 23:56:49 | INFO     | api_client | Calling TomTom API for 30.0506,31.2404 — attempt 1
2026-03-24 23:56:49 | INFO     | api_client |   Got data: speed=17 km/h | free-flow=17 km/h | road closed=False
2026-03-24 23:56:49 | ERROR    | db_client | Failed to save Talaat Harb St to database: column "location_name" of relation "raw_events" does not exist
LINE 6:                 location_name,
                        ^

2026-03-24 23:56:49 | INFO     | kafka_client | Sent to Kafka: Talaat Harb St | topic=traffic-data | partition=0 | offset=23
2026-03-24 23:56:50 | INFO     | api_client | Calling TomTom API for 30.015433,31.214553 — attempt 1
2026-03-24 23:56:50 | INFO     | api_client |   Got data: speed=27 km/h | free-flow=27 km/h | road closed=True
2026-03-24 23:56:50 | ERROR    | db_client | Failed to save El Haram St to database: column "location_name" of relation "raw_events" does not exist
LINE 6:                 location_name,
                        ^

2026-03-24 23:56:50 | INFO     | kafka_client | Sent to Kafka: El Haram St | topic=traffic-data | partition=0 | offset=24
2026-03-24 23:56:51 | INFO     | api_client | Calling TomTom API for 30.047107,31.231616 — attempt 1
2026-03-24 23:56:51 | INFO     | api_client |   Got data: speed=34 km/h | free-flow=34 km/h | road closed=False
2026-03-24 23:56:51 | ERROR    | db_client | Failed to save Nile Corniche to database: column "location_name" of relation "raw_events" does not exist
LINE 6:                 location_name,
                        ^

2026-03-24 23:56:51 | INFO     | kafka_client | Sent to Kafka: Nile Corniche | topic=traffic-data | partition=0 | offset=25
2026-03-24 23:56:52 | INFO     | api_client | Calling TomTom API for 30.063321,31.167581 — attempt 1
2026-03-24 23:56:52 | INFO     | api_client |   Got data: speed=78 km/h | free-flow=78 km/h | road closed=True
2026-03-24 23:56:53 | ERROR    | db_client | Failed to save 26th of July Corridor to database: column "location_name" of relation "raw_events" does not exist
LINE 6:                 location_name,
                        ^

2026-03-24 23:56:53 | INFO     | kafka_client | Sent to Kafka: 26th of July Corridor | topic=traffic-data | partition=0 | offset=26
2026-03-24 23:56:53 | INFO     | api_client | Calling TomTom API for 30.051973,31.216775 — attempt 1
2026-03-24 23:56:54 | INFO     | api_client |   Got data: speed=39 km/h | free-flow=39 km/h | road closed=False
2026-03-24 23:56:54 | ERROR    | db_client | Failed to save Gamal Abd El-Nasser Rd to database: column "location_name" of relation "raw_events" does not exist
LINE 6:                 location_name,
                        ^

2026-03-24 23:56:54 | INFO     | kafka_client | Sent to Kafka: Gamal Abd El-Nasser Rd | topic=traffic-data | partition=0 | offset=27
2026-03-24 23:56:54 | INFO     | __main__ | Round 2 done — 14 ok, 0 failed
2026-03-24 23:56:54 | INFO     | __main__ | Sleeping 60s...

2026-03-24 23:57:19 | INFO     | __main__ | Stopped by user (Ctrl+C).
2026-03-24 23:57:19 | INFO     | db_client | Database connection closed.
2026-03-24 23:57:19 | INFO     | kafka.producer.kafka | Closing the Kafka producer with 4294967.0 secs timeout.
2026-03-24 23:57:19 | INFO     | kafka.conn | <BrokerConnection node_id=1 host=localhost:9092 <connected> [IPv6 ('::1', 9092, 0, 0)]>: Closing connection. 
2026-03-24 23:57:19 | INFO     | kafka_client | Kafka producer closed cleanly.
2026-03-24 23:57:19 | INFO     | __main__ | Producer shut down cleanly.
2026-03-25 00:01:50 | INFO     | __main__ | =======================================================
2026-03-25 00:01:50 | INFO     | __main__ |   Traffic Analytics Producer — Starting
2026-03-25 00:01:50 | INFO     | __main__ |   Monitoring 14 locations
2026-03-25 00:01:50 | INFO     | __main__ |   Poll interval: 60 seconds
2026-03-25 00:01:50 | INFO     | __main__ | =======================================================
2026-03-25 00:01:50 | INFO     | db_client | Connected to PostgreSQL successfully.
2026-03-25 00:01:50 | INFO     | kafka.conn | <BrokerConnection node_id=bootstrap-0 host=localhost:9092 <connecting> [IPv6 ('::1', 9092, 0, 0)]>: connecting to localhost:9092 [('::1', 9092, 0, 0) IPv6]
2026-03-25 00:01:50 | INFO     | kafka.conn | Probing node bootstrap-0 broker version
2026-03-25 00:01:50 | INFO     | kafka.conn | <BrokerConnection node_id=bootstrap-0 host=localhost:9092 <connecting> [IPv6 ('::1', 9092, 0, 0)]>: Connection complete.
2026-03-25 00:01:51 | INFO     | kafka.conn | Broker version identified as 2.5.0
2026-03-25 00:01:51 | INFO     | kafka.conn | Set configuration api_version=(2, 5, 0) to skip auto check_version requests on startup
2026-03-25 00:01:51 | INFO     | kafka_client | Connected to Kafka at localhost:9092
2026-03-25 00:01:51 | INFO     | kafka_client | Messages will go to topic: "traffic-data"
2026-03-25 00:01:51 | INFO     | __main__ | --- Round 1 ---
2026-03-25 00:01:51 | INFO     | api_client | Calling TomTom API for 30.0444,31.2357 — attempt 1
2026-03-25 00:01:51 | INFO     | api_client |   Got data: speed=20 km/h | free-flow=20 km/h | road closed=False
2026-03-25 00:01:51 | ERROR    | db_client | Failed to save Tahrir Square to database: column "location_name" of relation "raw_events" does not exist
LINE 6:                 location_name,
                        ^

2026-03-25 00:01:51 | INFO     | kafka.conn | <BrokerConnection node_id=1 host=localhost:9092 <connecting> [IPv6 ('::1', 9092, 0, 0)]>: connecting to localhost:9092 [('::1', 9092, 0, 0) IPv6]
2026-03-25 00:01:51 | INFO     | kafka.conn | <BrokerConnection node_id=1 host=localhost:9092 <connecting> [IPv6 ('::1', 9092, 0, 0)]>: Connection complete.
2026-03-25 00:01:51 | INFO     | kafka.conn | <BrokerConnection node_id=bootstrap-0 host=localhost:9092 <connected> [IPv6 ('::1', 9092, 0, 0)]>: Closing connection. 
2026-03-25 00:01:52 | INFO     | kafka_client | Sent to Kafka: Tahrir Square | topic=traffic-data | partition=0 | offset=0
2026-03-25 00:01:52 | INFO     | api_client | Calling TomTom API for 30.0626,31.3417 — attempt 1
2026-03-25 00:01:53 | INFO     | api_client |   Got data: speed=51 km/h | free-flow=51 km/h | road closed=False
2026-03-25 00:01:53 | ERROR    | db_client | Failed to save Nasr City Ring Road to database: column "location_name" of relation "raw_events" does not exist
LINE 6:                 location_name,
                        ^

2026-03-25 00:01:53 | INFO     | kafka_client | Sent to Kafka: Nasr City Ring Road | topic=traffic-data | partition=0 | offset=1
2026-03-25 00:01:53 | INFO     | api_client | Calling TomTom API for 30.0603,31.2446 — attempt 1
2026-03-25 00:01:54 | INFO     | api_client |   Got data: speed=26 km/h | free-flow=26 km/h | road closed=False
2026-03-25 00:01:54 | ERROR    | db_client | Failed to save October Bridge to database: column "location_name" of relation "raw_events" does not exist
LINE 6:                 location_name,
                        ^

2026-03-25 00:01:54 | INFO     | kafka_client | Sent to Kafka: October Bridge | topic=traffic-data | partition=0 | offset=2
2026-03-25 00:01:55 | INFO     | api_client | Calling TomTom API for 30.015822,31.22392 — attempt 1
2026-03-25 00:01:55 | INFO     | api_client |   Got data: speed=22 km/h | free-flow=23 km/h | road closed=True
2026-03-25 00:01:55 | ERROR    | db_client | Failed to save El-Rawda St to database: column "location_name" of relation "raw_events" does not exist
LINE 6:                 location_name,
                        ^

2026-03-25 00:01:55 | INFO     | kafka_client | Sent to Kafka: El-Rawda St | topic=traffic-data | partition=0 | offset=3
2026-03-25 00:01:56 | INFO     | api_client | Calling TomTom API for 29.9602,31.2569 — attempt 1
2026-03-25 00:01:56 | INFO     | api_client |   Got data: speed=33 km/h | free-flow=33 km/h | road closed=False
2026-03-25 00:01:56 | ERROR    | db_client | Failed to save Maadi Corniche to database: column "location_name" of relation "raw_events" does not exist
LINE 6:                 location_name,
                        ^

2026-03-25 00:01:56 | INFO     | kafka_client | Sent to Kafka: Maadi Corniche | topic=traffic-data | partition=0 | offset=4
2026-03-25 00:01:57 | INFO     | api_client | Calling TomTom API for 30.0499,31.2466 — attempt 1
2026-03-25 00:01:57 | INFO     | api_client |   Got data: speed=19 km/h | free-flow=19 km/h | road closed=False
2026-03-25 00:01:57 | ERROR    | db_client | Failed to save El-Gomhoreya St to database: column "location_name" of relation "raw_events" does not exist
LINE 6:                 location_name,
                        ^

2026-03-25 00:01:57 | INFO     | kafka_client | Sent to Kafka: El-Gomhoreya St | topic=traffic-data | partition=0 | offset=5
2026-03-25 00:01:58 | INFO     | api_client | Calling TomTom API for 30.0523,31.2542 — attempt 1
2026-03-25 00:01:59 | INFO     | api_client |   Got data: speed=18 km/h | free-flow=18 km/h | road closed=False
2026-03-25 00:01:59 | ERROR    | db_client | Failed to save El-Gaish St to database: column "location_name" of relation "raw_events" does not exist
LINE 6:                 location_name,
                        ^

2026-03-25 00:01:59 | INFO     | kafka_client | Sent to Kafka: El-Gaish St | topic=traffic-data | partition=0 | offset=6
2026-03-25 00:01:59 | INFO     | api_client | Calling TomTom API for 30.0396,31.2657 — attempt 1
2026-03-25 00:02:00 | INFO     | api_client |   Got data: speed=55 km/h | free-flow=55 km/h | road closed=False
2026-03-25 00:02:00 | ERROR    | db_client | Failed to save Salah Salem Road to database: column "location_name" of relation "raw_events" does not exist
LINE 6:                 location_name,
                        ^

2026-03-25 00:02:00 | INFO     | kafka_client | Sent to Kafka: Salah Salem Road | topic=traffic-data | partition=0 | offset=7
2026-03-25 00:02:00 | INFO     | api_client | Calling TomTom API for 30.052613,31.237925 — attempt 1
2026-03-25 00:02:01 | INFO     | api_client |   Got data: speed=31 km/h | free-flow=31 km/h | road closed=False
2026-03-25 00:02:01 | ERROR    | db_client | Failed to save Ramses St to database: column "location_name" of relation "raw_events" does not exist
LINE 6:                 location_name,
                        ^

2026-03-25 00:02:01 | INFO     | kafka_client | Sent to Kafka: Ramses St | topic=traffic-data | partition=0 | offset=8
2026-03-25 00:02:02 | INFO     | api_client | Calling TomTom API for 30.0506,31.2404 — attempt 1
2026-03-25 00:02:02 | INFO     | api_client |   Got data: speed=17 km/h | free-flow=17 km/h | road closed=False
2026-03-25 00:02:02 | ERROR    | db_client | Failed to save Talaat Harb St to database: column "location_name" of relation "raw_events" does not exist
LINE 6:                 location_name,
                        ^

2026-03-25 00:02:02 | INFO     | kafka_client | Sent to Kafka: Talaat Harb St | topic=traffic-data | partition=0 | offset=9
2026-03-25 00:02:03 | INFO     | api_client | Calling TomTom API for 30.015433,31.214553 — attempt 1
2026-03-25 00:02:03 | INFO     | api_client |   Got data: speed=27 km/h | free-flow=27 km/h | road closed=True
2026-03-25 00:02:03 | ERROR    | db_client | Failed to save El Haram St to database: column "location_name" of relation "raw_events" does not exist
LINE 6:                 location_name,
                        ^

2026-03-25 00:02:03 | INFO     | kafka_client | Sent to Kafka: El Haram St | topic=traffic-data | partition=0 | offset=10
2026-03-25 00:02:04 | INFO     | api_client | Calling TomTom API for 30.047107,31.231616 — attempt 1
2026-03-25 00:02:04 | INFO     | api_client |   Got data: speed=34 km/h | free-flow=34 km/h | road closed=False
2026-03-25 00:02:04 | ERROR    | db_client | Failed to save Nile Corniche to database: column "location_name" of relation "raw_events" does not exist
LINE 6:                 location_name,
                        ^

2026-03-25 00:02:04 | INFO     | kafka_client | Sent to Kafka: Nile Corniche | topic=traffic-data | partition=0 | offset=11
2026-03-25 00:02:05 | INFO     | api_client | Calling TomTom API for 30.063321,31.167581 — attempt 1
2026-03-25 00:02:06 | INFO     | api_client |   Got data: speed=77 km/h | free-flow=78 km/h | road closed=True
2026-03-25 00:02:06 | ERROR    | db_client | Failed to save 26th of July Corridor to database: column "location_name" of relation "raw_events" does not exist
LINE 6:                 location_name,
                        ^

2026-03-25 00:02:06 | INFO     | kafka_client | Sent to Kafka: 26th of July Corridor | topic=traffic-data | partition=0 | offset=12
2026-03-25 00:02:06 | INFO     | api_client | Calling TomTom API for 30.051973,31.216775 — attempt 1
2026-03-25 00:02:07 | INFO     | api_client |   Got data: speed=39 km/h | free-flow=39 km/h | road closed=False
2026-03-25 00:02:07 | ERROR    | db_client | Failed to save Gamal Abd El-Nasser Rd to database: column "location_name" of relation "raw_events" does not exist
LINE 6:                 location_name,
                        ^

2026-03-25 00:02:07 | INFO     | kafka_client | Sent to Kafka: Gamal Abd El-Nasser Rd | topic=traffic-data | partition=0 | offset=13
2026-03-25 00:02:07 | INFO     | __main__ | Round 1 done — 14 ok, 0 failed
2026-03-25 00:02:07 | INFO     | __main__ | Sleeping 60s...

2026-03-25 00:03:07 | INFO     | __main__ | --- Round 2 ---
2026-03-25 00:03:07 | INFO     | api_client | Calling TomTom API for 30.0444,31.2357 — attempt 1
2026-03-25 00:03:08 | INFO     | api_client |   Got data: speed=20 km/h | free-flow=20 km/h | road closed=False
2026-03-25 00:03:08 | ERROR    | db_client | Failed to save Tahrir Square to database: column "location_name" of relation "raw_events" does not exist
LINE 6:                 location_name,
                        ^

2026-03-25 00:03:08 | INFO     | kafka_client | Sent to Kafka: Tahrir Square | topic=traffic-data | partition=0 | offset=14
2026-03-25 00:03:09 | INFO     | api_client | Calling TomTom API for 30.0626,31.3417 — attempt 1
2026-03-25 00:03:09 | INFO     | api_client |   Got data: speed=51 km/h | free-flow=51 km/h | road closed=False
2026-03-25 00:03:09 | ERROR    | db_client | Failed to save Nasr City Ring Road to database: column "location_name" of relation "raw_events" does not exist
LINE 6:                 location_name,
                        ^

2026-03-25 00:03:09 | INFO     | kafka_client | Sent to Kafka: Nasr City Ring Road | topic=traffic-data | partition=0 | offset=15
2026-03-25 00:03:10 | INFO     | api_client | Calling TomTom API for 30.0603,31.2446 — attempt 1
2026-03-25 00:03:10 | INFO     | api_client |   Got data: speed=26 km/h | free-flow=26 km/h | road closed=False
2026-03-25 00:03:10 | ERROR    | db_client | Failed to save October Bridge to database: column "location_name" of relation "raw_events" does not exist
LINE 6:                 location_name,
                        ^

2026-03-25 00:03:10 | INFO     | kafka_client | Sent to Kafka: October Bridge | topic=traffic-data | partition=0 | offset=16
2026-03-25 00:03:11 | INFO     | api_client | Calling TomTom API for 30.015822,31.22392 — attempt 1
2026-03-25 00:03:11 | INFO     | api_client |   Got data: speed=22 km/h | free-flow=23 km/h | road closed=True
2026-03-25 00:03:11 | ERROR    | db_client | Failed to save El-Rawda St to database: column "location_name" of relation "raw_events" does not exist
LINE 6:                 location_name,
                        ^

2026-03-25 00:03:11 | INFO     | kafka_client | Sent to Kafka: El-Rawda St | topic=traffic-data | partition=0 | offset=17
2026-03-25 00:03:12 | INFO     | api_client | Calling TomTom API for 29.9602,31.2569 — attempt 1
2026-03-25 00:03:13 | INFO     | api_client |   Got data: speed=33 km/h | free-flow=33 km/h | road closed=False
2026-03-25 00:03:13 | ERROR    | db_client | Failed to save Maadi Corniche to database: column "location_name" of relation "raw_events" does not exist
LINE 6:                 location_name,
                        ^

2026-03-25 00:03:13 | INFO     | kafka_client | Sent to Kafka: Maadi Corniche | topic=traffic-data | partition=0 | offset=18
2026-03-25 00:03:13 | INFO     | api_client | Calling TomTom API for 30.0499,31.2466 — attempt 1
2026-03-25 00:03:15 | INFO     | api_client |   Got data: speed=19 km/h | free-flow=19 km/h | road closed=False
2026-03-25 00:03:15 | ERROR    | db_client | Failed to save El-Gomhoreya St to database: column "location_name" of relation "raw_events" does not exist
LINE 6:                 location_name,
                        ^

2026-03-25 00:03:15 | INFO     | kafka_client | Sent to Kafka: El-Gomhoreya St | topic=traffic-data | partition=0 | offset=19
2026-03-25 00:03:15 | INFO     | api_client | Calling TomTom API for 30.0523,31.2542 — attempt 1
2026-03-25 00:03:16 | INFO     | api_client |   Got data: speed=18 km/h | free-flow=18 km/h | road closed=False
2026-03-25 00:03:16 | ERROR    | db_client | Failed to save El-Gaish St to database: column "location_name" of relation "raw_events" does not exist
LINE 6:                 location_name,
                        ^

2026-03-25 00:03:16 | INFO     | kafka_client | Sent to Kafka: El-Gaish St | topic=traffic-data | partition=0 | offset=20
2026-03-25 00:03:17 | INFO     | api_client | Calling TomTom API for 30.0396,31.2657 — attempt 1
2026-03-25 00:03:17 | INFO     | api_client |   Got data: speed=55 km/h | free-flow=55 km/h | road closed=False
2026-03-25 00:03:17 | ERROR    | db_client | Failed to save Salah Salem Road to database: column "location_name" of relation "raw_events" does not exist
LINE 6:                 location_name,
                        ^

2026-03-25 00:03:17 | INFO     | kafka_client | Sent to Kafka: Salah Salem Road | topic=traffic-data | partition=0 | offset=21
2026-03-25 00:03:18 | INFO     | api_client | Calling TomTom API for 30.052613,31.237925 — attempt 1
2026-03-25 00:03:18 | INFO     | api_client |   Got data: speed=31 km/h | free-flow=31 km/h | road closed=False
2026-03-25 00:03:18 | ERROR    | db_client | Failed to save Ramses St to database: column "location_name" of relation "raw_events" does not exist
LINE 6:                 location_name,
                        ^

2026-03-25 00:03:18 | INFO     | kafka_client | Sent to Kafka: Ramses St | topic=traffic-data | partition=0 | offset=22
2026-03-25 00:03:19 | INFO     | api_client | Calling TomTom API for 30.0506,31.2404 — attempt 1
2026-03-25 00:03:20 | INFO     | api_client |   Got data: speed=17 km/h | free-flow=17 km/h | road closed=False
2026-03-25 00:03:20 | ERROR    | db_client | Failed to save Talaat Harb St to database: column "location_name" of relation "raw_events" does not exist
LINE 6:                 location_name,
                        ^

2026-03-25 00:03:20 | INFO     | kafka_client | Sent to Kafka: Talaat Harb St | topic=traffic-data | partition=0 | offset=23
2026-03-25 00:03:20 | INFO     | api_client | Calling TomTom API for 30.015433,31.214553 — attempt 1
2026-03-25 00:03:21 | INFO     | api_client |   Got data: speed=27 km/h | free-flow=27 km/h | road closed=True
2026-03-25 00:03:21 | ERROR    | db_client | Failed to save El Haram St to database: column "location_name" of relation "raw_events" does not exist
LINE 6:                 location_name,
                        ^

2026-03-25 00:03:21 | INFO     | kafka_client | Sent to Kafka: El Haram St | topic=traffic-data | partition=0 | offset=24
2026-03-25 00:03:21 | INFO     | api_client | Calling TomTom API for 30.047107,31.231616 — attempt 1
2026-03-25 00:03:22 | INFO     | api_client |   Got data: speed=34 km/h | free-flow=34 km/h | road closed=False
2026-03-25 00:03:22 | ERROR    | db_client | Failed to save Nile Corniche to database: column "location_name" of relation "raw_events" does not exist
LINE 6:                 location_name,
                        ^

2026-03-25 00:03:22 | INFO     | kafka_client | Sent to Kafka: Nile Corniche | topic=traffic-data | partition=0 | offset=25
2026-03-25 00:03:22 | INFO     | api_client | Calling TomTom API for 30.063321,31.167581 — attempt 1
2026-03-25 00:03:23 | INFO     | api_client |   Got data: speed=78 km/h | free-flow=78 km/h | road closed=True
2026-03-25 00:03:23 | ERROR    | db_client | Failed to save 26th of July Corridor to database: column "location_name" of relation "raw_events" does not exist
LINE 6:                 location_name,
                        ^

2026-03-25 00:03:23 | INFO     | kafka_client | Sent to Kafka: 26th of July Corridor | topic=traffic-data | partition=0 | offset=26
2026-03-25 00:03:24 | INFO     | api_client | Calling TomTom API for 30.051973,31.216775 — attempt 1
2026-03-25 00:03:24 | INFO     | api_client |   Got data: speed=39 km/h | free-flow=39 km/h | road closed=False
2026-03-25 00:03:24 | ERROR    | db_client | Failed to save Gamal Abd El-Nasser Rd to database: column "location_name" of relation "raw_events" does not exist
LINE 6:                 location_name,
                        ^

2026-03-25 00:03:24 | INFO     | kafka_client | Sent to Kafka: Gamal Abd El-Nasser Rd | topic=traffic-data | partition=0 | offset=27
2026-03-25 00:03:25 | INFO     | __main__ | Round 2 done — 14 ok, 0 failed
2026-03-25 00:03:25 | INFO     | __main__ | Sleeping 60s...

2026-03-25 00:03:53 | INFO     | __main__ | Stopped by user (Ctrl+C).
2026-03-25 00:03:53 | INFO     | db_client | Database connection closed.
2026-03-25 00:03:53 | INFO     | kafka.producer.kafka | Closing the Kafka producer with 4294967.0 secs timeout.
2026-03-25 00:03:53 | INFO     | kafka.conn | <BrokerConnection node_id=1 host=localhost:9092 <connected> [IPv6 ('::1', 9092, 0, 0)]>: Closing connection. 
2026-03-25 00:03:53 | INFO     | kafka_client | Kafka producer closed cleanly.
2026-03-25 00:03:53 | INFO     | __main__ | Producer shut down cleanly.
2026-03-25 00:17:42 | INFO     | __main__ | =======================================================
2026-03-25 00:17:42 | INFO     | __main__ |   Traffic Analytics Producer — Starting
2026-03-25 00:17:42 | INFO     | __main__ |   Monitoring 14 locations
2026-03-25 00:17:42 | INFO     | __main__ |   Poll interval: 60 seconds
2026-03-25 00:17:42 | INFO     | __main__ | =======================================================
2026-03-25 00:17:42 | INFO     | db_client | Connected to PostgreSQL successfully.
2026-03-25 00:17:42 | INFO     | kafka.conn | <BrokerConnection node_id=bootstrap-0 host=localhost:9092 <connecting> [IPv6 ('::1', 9092, 0, 0)]>: connecting to localhost:9092 [('::1', 9092, 0, 0) IPv6]
2026-03-25 00:17:42 | INFO     | kafka.conn | Probing node bootstrap-0 broker version
2026-03-25 00:17:44 | ERROR    | kafka_client | Could not connect to Kafka: NoBrokersAvailable
2026-03-25 00:17:44 | ERROR    | kafka_client | Is Docker running? Try: docker compose up -d
2026-03-25 00:17:44 | INFO     | __main__ | --- Round 1 ---
2026-03-25 00:17:44 | INFO     | api_client | Calling TomTom API for 30.0444,31.2357 — attempt 1
2026-03-25 00:17:45 | INFO     | api_client |   Got data: speed=20 km/h | free-flow=20 km/h | road closed=False
2026-03-25 00:17:45 | ERROR    | db_client | Failed to save Tahrir Square to database: column "location_name" of relation "raw_events" does not exist
LINE 6:                 location_name,
                        ^

2026-03-25 00:17:45 | WARNING  | kafka_client | No Kafka producer — skipping send.
2026-03-25 00:17:46 | INFO     | api_client | Calling TomTom API for 30.0626,31.3417 — attempt 1
2026-03-25 00:17:46 | INFO     | api_client |   Got data: speed=51 km/h | free-flow=51 km/h | road closed=False
2026-03-25 00:17:46 | ERROR    | db_client | Failed to save Nasr City Ring Road to database: column "location_name" of relation "raw_events" does not exist
LINE 6:                 location_name,
                        ^

2026-03-25 00:17:46 | WARNING  | kafka_client | No Kafka producer — skipping send.
2026-03-25 00:17:47 | INFO     | api_client | Calling TomTom API for 30.0603,31.2446 — attempt 1
2026-03-25 00:17:48 | INFO     | api_client |   Got data: speed=26 km/h | free-flow=26 km/h | road closed=False
2026-03-25 00:17:48 | ERROR    | db_client | Failed to save October Bridge to database: column "location_name" of relation "raw_events" does not exist
LINE 6:                 location_name,
                        ^

2026-03-25 00:17:48 | WARNING  | kafka_client | No Kafka producer — skipping send.
2026-03-25 00:17:48 | INFO     | api_client | Calling TomTom API for 30.015822,31.22392 — attempt 1
2026-03-25 00:17:49 | INFO     | api_client |   Got data: speed=23 km/h | free-flow=23 km/h | road closed=True
2026-03-25 00:17:49 | ERROR    | db_client | Failed to save El-Rawda St to database: column "location_name" of relation "raw_events" does not exist
LINE 6:                 location_name,
                        ^

2026-03-25 00:17:49 | WARNING  | kafka_client | No Kafka producer — skipping send.
2026-03-25 00:17:49 | INFO     | api_client | Calling TomTom API for 29.9602,31.2569 — attempt 1
2026-03-25 00:17:50 | INFO     | api_client |   Got data: speed=33 km/h | free-flow=33 km/h | road closed=False
2026-03-25 00:17:50 | ERROR    | db_client | Failed to save Maadi Corniche to database: column "location_name" of relation "raw_events" does not exist
LINE 6:                 location_name,
                        ^

2026-03-25 00:17:50 | WARNING  | kafka_client | No Kafka producer — skipping send.
2026-03-25 00:17:50 | INFO     | api_client | Calling TomTom API for 30.0499,31.2466 — attempt 1
2026-03-25 00:17:51 | INFO     | api_client |   Got data: speed=19 km/h | free-flow=19 km/h | road closed=False
2026-03-25 00:17:51 | ERROR    | db_client | Failed to save El-Gomhoreya St to database: column "location_name" of relation "raw_events" does not exist
LINE 6:                 location_name,
                        ^

2026-03-25 00:17:51 | WARNING  | kafka_client | No Kafka producer — skipping send.
2026-03-25 00:17:52 | INFO     | api_client | Calling TomTom API for 30.0523,31.2542 — attempt 1
2026-03-25 00:17:52 | INFO     | api_client |   Got data: speed=18 km/h | free-flow=18 km/h | road closed=False
2026-03-25 00:17:52 | ERROR    | db_client | Failed to save El-Gaish St to database: column "location_name" of relation "raw_events" does not exist
LINE 6:                 location_name,
                        ^

2026-03-25 00:17:52 | WARNING  | kafka_client | No Kafka producer — skipping send.
2026-03-25 00:17:53 | INFO     | api_client | Calling TomTom API for 30.0396,31.2657 — attempt 1
2026-03-25 00:17:53 | INFO     | api_client |   Got data: speed=55 km/h | free-flow=55 km/h | road closed=False
2026-03-25 00:17:53 | ERROR    | db_client | Failed to save Salah Salem Road to database: column "location_name" of relation "raw_events" does not exist
LINE 6:                 location_name,
                        ^

2026-03-25 00:17:53 | WARNING  | kafka_client | No Kafka producer — skipping send.
2026-03-25 00:17:54 | INFO     | api_client | Calling TomTom API for 30.052613,31.237925 — attempt 1
2026-03-25 00:17:55 | INFO     | api_client |   Got data: speed=31 km/h | free-flow=31 km/h | road closed=False
2026-03-25 00:17:55 | ERROR    | db_client | Failed to save Ramses St to database: column "location_name" of relation "raw_events" does not exist
LINE 6:                 location_name,
                        ^

2026-03-25 00:17:55 | WARNING  | kafka_client | No Kafka producer — skipping send.
2026-03-25 00:17:55 | INFO     | api_client | Calling TomTom API for 30.0506,31.2404 — attempt 1
2026-03-25 00:17:56 | INFO     | api_client |   Got data: speed=17 km/h | free-flow=17 km/h | road closed=False
2026-03-25 00:17:56 | ERROR    | db_client | Failed to save Talaat Harb St to database: column "location_name" of relation "raw_events" does not exist
LINE 6:                 location_name,
                        ^

2026-03-25 00:17:56 | WARNING  | kafka_client | No Kafka producer — skipping send.
2026-03-25 00:17:56 | INFO     | api_client | Calling TomTom API for 30.015433,31.214553 — attempt 1
2026-03-25 00:17:57 | INFO     | api_client |   Got data: speed=27 km/h | free-flow=27 km/h | road closed=True
2026-03-25 00:17:57 | ERROR    | db_client | Failed to save El Haram St to database: column "location_name" of relation "raw_events" does not exist
LINE 6:                 location_name,
                        ^

2026-03-25 00:17:57 | WARNING  | kafka_client | No Kafka producer — skipping send.
2026-03-25 00:17:58 | INFO     | api_client | Calling TomTom API for 30.047107,31.231616 — attempt 1
2026-03-25 00:17:58 | INFO     | api_client |   Got data: speed=34 km/h | free-flow=34 km/h | road closed=False
2026-03-25 00:17:58 | ERROR    | db_client | Failed to save Nile Corniche to database: column "location_name" of relation "raw_events" does not exist
LINE 6:                 location_name,
                        ^

2026-03-25 00:17:58 | WARNING  | kafka_client | No Kafka producer — skipping send.
2026-03-25 00:17:59 | INFO     | api_client | Calling TomTom API for 30.063321,31.167581 — attempt 1
2026-03-25 00:17:59 | INFO     | api_client |   Got data: speed=77 km/h | free-flow=77 km/h | road closed=True
2026-03-25 00:18:00 | ERROR    | db_client | Failed to save 26th of July Corridor to database: column "location_name" of relation "raw_events" does not exist
LINE 6:                 location_name,
                        ^

2026-03-25 00:18:00 | WARNING  | kafka_client | No Kafka producer — skipping send.
2026-03-25 00:18:00 | INFO     | api_client | Calling TomTom API for 30.051973,31.216775 — attempt 1
2026-03-25 00:18:01 | INFO     | api_client |   Got data: speed=39 km/h | free-flow=39 km/h | road closed=False
2026-03-25 00:18:01 | ERROR    | db_client | Failed to save Gamal Abd El-Nasser Rd to database: column "location_name" of relation "raw_events" does not exist
LINE 6:                 location_name,
                        ^

2026-03-25 00:18:01 | WARNING  | kafka_client | No Kafka producer — skipping send.
2026-03-25 00:18:01 | INFO     | __main__ | Round 1 done — 0 ok, 14 failed
2026-03-25 00:18:01 | INFO     | __main__ | Sleeping 60s...

2026-03-25 00:18:52 | INFO     | __main__ | Stopped by user (Ctrl+C).
2026-03-25 00:18:52 | INFO     | db_client | Database connection closed.
2026-03-25 00:18:52 | INFO     | __main__ | Producer shut down cleanly.
2026-03-25 01:17:46 | INFO     | __main__ | =======================================================
2026-03-25 01:17:46 | INFO     | __main__ |   Traffic Analytics Producer — Starting
2026-03-25 01:17:46 | INFO     | __main__ |   Monitoring 14 locations
2026-03-25 01:17:46 | INFO     | __main__ |   Poll interval: 60 seconds
2026-03-25 01:17:46 | INFO     | __main__ | =======================================================
2026-03-25 01:17:46 | INFO     | db_client | Connected to PostgreSQL successfully.
2026-03-25 01:17:46 | INFO     | kafka.conn | <BrokerConnection node_id=bootstrap-0 host=localhost:9092 <connecting> [IPv6 ('::1', 9092, 0, 0)]>: connecting to localhost:9092 [('::1', 9092, 0, 0) IPv6]
2026-03-25 01:17:46 | INFO     | kafka.conn | Probing node bootstrap-0 broker version
2026-03-25 01:17:46 | INFO     | kafka.conn | <BrokerConnection node_id=bootstrap-0 host=localhost:9092 <connecting> [IPv6 ('::1', 9092, 0, 0)]>: Connection complete.
2026-03-25 01:17:46 | INFO     | kafka.conn | Broker version identified as 2.5.0
2026-03-25 01:17:46 | INFO     | kafka.conn | Set configuration api_version=(2, 5, 0) to skip auto check_version requests on startup
2026-03-25 01:17:46 | INFO     | kafka_client | Connected to Kafka at localhost:9092
2026-03-25 01:17:46 | INFO     | kafka_client | Messages will go to topic: "traffic-data"
2026-03-25 01:17:46 | INFO     | __main__ | --- Round 1 ---
2026-03-25 01:17:46 | INFO     | api_client | Calling TomTom API for 30.0444,31.2357 — attempt 1
2026-03-25 01:17:46 | INFO     | api_client |   Got data: speed=20 km/h | free-flow=20 km/h | road closed=False
2026-03-25 01:17:46 | ERROR    | db_client | Failed to save Tahrir Square to database: column "location_name" of relation "raw_events" does not exist
LINE 6:                 location_name,
                        ^

2026-03-25 01:17:56 | WARNING  | kafka.conn | DNS lookup failed for kafka:9092, exception was [Errno 11001] getaddrinfo failed. Is your advertised.listeners (called advertised.host.name before Kafka 9) correct and resolvable?
2026-03-25 01:17:56 | ERROR    | kafka.conn | DNS lookup failed for kafka:9092 (0)
2026-03-25 01:18:05 | WARNING  | kafka.conn | DNS lookup failed for kafka:9092, exception was [Errno 11001] getaddrinfo failed. Is your advertised.listeners (called advertised.host.name before Kafka 9) correct and resolvable?
2026-03-25 01:18:05 | ERROR    | kafka.conn | DNS lookup failed for kafka:9092 (0)
2026-03-25 01:18:15 | WARNING  | kafka.conn | DNS lookup failed for kafka:9092, exception was [Errno 11001] getaddrinfo failed. Is your advertised.listeners (called advertised.host.name before Kafka 9) correct and resolvable?
2026-03-25 01:18:15 | ERROR    | kafka.conn | DNS lookup failed for kafka:9092 (0)
2026-03-25 01:18:24 | WARNING  | kafka.conn | DNS lookup failed for kafka:9092, exception was [Errno 11001] getaddrinfo failed. Is your advertised.listeners (called advertised.host.name before Kafka 9) correct and resolvable?
2026-03-25 01:18:24 | ERROR    | kafka.conn | DNS lookup failed for kafka:9092 (0)
2026-03-25 01:18:33 | WARNING  | kafka.conn | DNS lookup failed for kafka:9092, exception was [Errno 11001] getaddrinfo failed. Is your advertised.listeners (called advertised.host.name before Kafka 9) correct and resolvable?
2026-03-25 01:18:33 | ERROR    | kafka.conn | DNS lookup failed for kafka:9092 (0)
2026-03-25 01:18:43 | WARNING  | kafka.conn | DNS lookup failed for kafka:9092, exception was [Errno 11001] getaddrinfo failed. Is your advertised.listeners (called advertised.host.name before Kafka 9) correct and resolvable?
2026-03-25 01:18:43 | ERROR    | kafka.conn | DNS lookup failed for kafka:9092 (0)
2026-03-25 01:18:46 | INFO     | __main__ | Stopped by user (Ctrl+C).
2026-03-25 01:18:46 | INFO     | db_client | Database connection closed.
2026-03-25 01:18:46 | INFO     | kafka.producer.kafka | Closing the Kafka producer with 4294967.0 secs timeout.
2026-03-25 01:18:52 | WARNING  | kafka.conn | DNS lookup failed for kafka:9092, exception was [Errno 11001] getaddrinfo failed. Is your advertised.listeners (called advertised.host.name before Kafka 9) correct and resolvable?
2026-03-25 01:18:52 | ERROR    | kafka.conn | DNS lookup failed for kafka:9092 (0)
2026-03-25 01:18:52 | INFO     | kafka.conn | <BrokerConnection node_id=bootstrap-0 host=localhost:9092 <connected> [IPv6 ('::1', 9092, 0, 0)]>: Closing connection. 
2026-03-25 01:18:52 | INFO     | kafka_client | Kafka producer closed cleanly.
2026-03-25 01:18:52 | INFO     | __main__ | Producer shut down cleanly.
